
/*************** Nueva partida *****************/
columnas: 4
filas: 4
c: 3
p: 8
color: rojo
color del oponente: azul
vas primero: True
/**********************************************/
envio <type 'str'>: rojo azul
envio <type 'str'>: 4 4 3 8
envio <type 'str'>: vos
recibo <type 'str'>: 0
envio <type 'int'>: 0
recibo <type 'str'>: 0
envio <type 'int'>: 1
recibo <type 'str'>: 1
envio <type 'int'>: 1
recibo <type 'str'>: 2
envio <type 'str'>: ganaste

/*************** Nueva partida *****************/
columnas: 4
filas: 4
c: 3
p: 8
color: rojo
color del oponente: azul
vas primero: True
/**********************************************/
envio <type 'str'>: rojo azul
envio <type 'str'>: 4 4 3 8
envio <type 'str'>: vos
recibo <type 'str'>: 0
envio <type 'int'>: 2
recibo <type 'str'>: 0
envio <type 'int'>: 1
recibo <type 'str'>: 0
envio <type 'str'>: ganaste

/*************** Nueva partida *****************/
columnas: 4
filas: 4
c: 3
p: 8
color: rojo
color del oponente: azul
vas primero: False
/**********************************************/
envio <type 'str'>: rojo azul
envio <type 'str'>: 4 4 3 8
envio <type 'str'>: el
envio <type 'int'>: 1
recibo <type 'str'>: 0
envio <type 'int'>: 1
recibo <type 'str'>: 0
envio <type 'int'>: 0
recibo <type 'str'>: 0
envio <type 'str'>: perdiste

/*************** Nueva partida *****************/
columnas: 4
filas: 4
c: 3
p: 8
color: rojo
color del oponente: azul
vas primero: False
/**********************************************/
envio <type 'str'>: rojo azul
envio <type 'str'>: 4 4 3 8
envio <type 'str'>: el
envio <type 'int'>: 1
recibo <type 'str'>: 0
envio <type 'int'>: 0
recibo <type 'str'>: 1
envio <type 'int'>: 2
recibo <type 'str'>: 3
envio <type 'int'>: 1
recibo <type 'str'>: 2
envio <type 'int'>: 0
recibo <type 'str'>: 2
envio <type 'str'>: ganaste

/*************** Nueva partida *****************/
columnas: 4
filas: 4
c: 3
p: 8
color: rojo
color del oponente: azul
vas primero: False
/**********************************************/
envio <type 'str'>: rojo azul
envio <type 'str'>: 4 4 3 8
envio <type 'str'>: el
envio <type 'int'>: 1
recibo <type 'str'>: 0
envio <type 'int'>: 1
recibo <type 'str'>: 0
envio <type 'int'>: 0
recibo <type 'str'>: 0
envio <type 'str'>: perdiste

/*************** Nueva partida *****************/
columnas: 4
filas: 4
c: 3
p: 8
color: rojo
color del oponente: azul
vas primero: True
/**********************************************/
envio <type 'str'>: rojo azul
envio <type 'str'>: 4 4 3 8
envio <type 'str'>: vos
recibo <type 'str'>: 0
envio <type 'int'>: 0
recibo <type 'str'>: 0
envio <type 'int'>: 1
recibo <type 'str'>: 1
envio <type 'int'>: 3
recibo <type 'str'>: 2
envio <type 'str'>: ganaste

/*************** Nueva partida *****************/
columnas: 4
filas: 4
c: 3
p: 8
color: rojo
color del oponente: azul
vas primero: False
/**********************************************/
envio <type 'str'>: rojo azul
envio <type 'str'>: 4 4 3 8
envio <type 'str'>: el
envio <type 'int'>: 2
recibo <type 'str'>: 0
envio <type 'int'>: 1
recibo <type 'str'>: 0
envio <type 'str'>: perdiste

/*************** Nueva partida *****************/
columnas: 4
filas: 4
c: 3
p: 8
color: rojo
color del oponente: azul
vas primero: True
/**********************************************/
envio <type 'str'>: rojo azul
envio <type 'str'>: 4 4 3 8
envio <type 'str'>: vos
recibo <type 'str'>: 0
envio <type 'int'>: 2
recibo <type 'str'>: 0
envio <type 'int'>: 2
recibo <type 'str'>: 0
envio <type 'str'>: ganaste

/*************** Nueva partida *****************/
columnas: 4
filas: 4
c: 3
p: 8
color: rojo
color del oponente: azul
vas primero: True
/**********************************************/
envio <type 'str'>: rojo azul
envio <type 'str'>: 4 4 3 8
envio <type 'str'>: vos
recibo <type 'str'>: 0
envio <type 'int'>: 2
recibo <type 'str'>: 0
envio <type 'int'>: 0
recibo <type 'str'>: 3
envio <type 'int'>: 0
recibo <type 'str'>: 2
envio <type 'int'>: 1
recibo <type 'str'>: 1
envio <type 'str'>: ganaste

/*************** Nueva partida *****************/
columnas: 4
filas: 4
c: 3
p: 8
color: rojo
color del oponente: azul
vas primero: True
/**********************************************/
envio <type 'str'>: rojo azul
envio <type 'str'>: 4 4 3 8
envio <type 'str'>: vos
recibo <type 'str'>: 0
envio <type 'int'>: 0
recibo <type 'str'>: 0
envio <type 'int'>: 0
recibo <type 'str'>: 2
envio <type 'int'>: 2
recibo <type 'str'>: 1
envio <type 'str'>: ganaste
envio <type 'str'>: salir
recibo <type 'str'>: listo
